0 info it worked if it ends with ok
1 verbose cli [ 'C:\\Program Files\\nodejs\\node.exe',
1 verbose cli   'C:\\Program Files\\nodejs\\node_modules\\npm\\bin\\npm-cli.js',
1 verbose cli   'publish' ]
2 info using npm@3.10.10
3 info using node@v6.11.4
4 verbose publish [ '.' ]
5 silly cache add args [ '.', null ]
6 verbose cache add spec .
7 silly cache add parsed spec Result {
7 silly cache add   raw: '.',
7 silly cache add   scope: null,
7 silly cache add   escapedName: null,
7 silly cache add   name: null,
7 silly cache add   rawSpec: '.',
7 silly cache add   spec: 'H:\\云端项目\\npmproject',
7 silly cache add   type: 'directory' }
8 verbose addLocalDirectory C:\Users\Administrator\AppData\Roaming\npm-cache\citms-ui\1.0.0\package.tgz not in flight; packing
9 verbose correctMkdir C:\Users\Administrator\AppData\Roaming\npm-cache correctMkdir not in flight; initializing
10 info lifecycle citms-ui@1.0.0~prepublish: citms-ui@1.0.0
11 silly lifecycle citms-ui@1.0.0~prepublish: no script for prepublish, continuing
12 verbose tar pack [ 'C:\\Users\\Administrator\\AppData\\Roaming\\npm-cache\\citms-ui\\1.0.0\\package.tgz',
12 verbose tar pack   'H:\\云端项目\\npmproject' ]
13 verbose tarball C:\Users\Administrator\AppData\Roaming\npm-cache\citms-ui\1.0.0\package.tgz
14 verbose folder H:\云端项目\npmproject
15 verbose addLocalTarball adding from inside cache C:\Users\Administrator\AppData\Roaming\npm-cache\citms-ui\1.0.0\package.tgz
16 verbose correctMkdir C:\Users\Administrator\AppData\Roaming\npm-cache correctMkdir not in flight; initializing
17 silly cache afterAdd citms-ui@1.0.0
18 verbose afterAdd C:\Users\Administrator\AppData\Roaming\npm-cache\citms-ui\1.0.0\package\package.json not in flight; writing
19 verbose correctMkdir C:\Users\Administrator\AppData\Roaming\npm-cache correctMkdir not in flight; initializing
20 verbose afterAdd C:\Users\Administrator\AppData\Roaming\npm-cache\citms-ui\1.0.0\package\package.json written
21 silly publish { name: 'citms-ui',
21 silly publish   version: '1.0.0',
21 silly publish   description: 'ctims package ui',
21 silly publish   main: 'index.js',
21 silly publish   scripts: { test: 'echo "Error: no test specified" && exit 1' },
21 silly publish   repository:
21 silly publish    { type: 'git',
21 silly publish      url: 'git+https://github.com/renming458/citms-ui.git' },
21 silly publish   keywords: [ 'citms', 'ui' ],
21 silly publish   author: { name: 'renming' },
21 silly publish   license: 'MIT',
21 silly publish   bugs: { url: 'https://github.com/renming458/citms-ui/issues' },
21 silly publish   homepage: 'https://github.com/renming458/citms-ui#readme',
21 silly publish   readme: 'ERROR: No README data found!',
21 silly publish   _id: 'citms-ui@1.0.0',
21 silly publish   _shasum: '085179fd63388f3d855c929b3066bf3d0578c67b',
21 silly publish   _from: '.' }
22 verbose getPublishConfig undefined
23 silly mapToRegistry name citms-ui
24 silly mapToRegistry using default registry
25 silly mapToRegistry registry https://registry.npmjs.org/
26 silly mapToRegistry data Result {
26 silly mapToRegistry   raw: 'citms-ui',
26 silly mapToRegistry   scope: null,
26 silly mapToRegistry   escapedName: 'citms-ui',
26 silly mapToRegistry   name: 'citms-ui',
26 silly mapToRegistry   rawSpec: '',
26 silly mapToRegistry   spec: 'latest',
26 silly mapToRegistry   type: 'tag' }
27 silly mapToRegistry uri https://registry.npmjs.org/citms-ui
28 verbose publish registryBase https://registry.npmjs.org/
29 silly publish uploading C:\Users\Administrator\AppData\Roaming\npm-cache\citms-ui\1.0.0\package.tgz
30 verbose request uri https://registry.npmjs.org/citms-ui
31 verbose request sending authorization for write operation
32 info attempt registry request try #1 at 14:03:37
33 verbose request using bearer token for auth
34 verbose request id b012d71d07bca2b2
35 http request PUT https://registry.npmjs.org/citms-ui
36 http 403 https://registry.npmjs.org/citms-ui
37 verbose headers { 'content-type': 'application/json',
37 verbose headers   'cache-control': 'max-age=300',
37 verbose headers   'content-length': '91',
37 verbose headers   'accept-ranges': 'bytes',
37 verbose headers   date: 'Thu, 28 Dec 2017 06:03:38 GMT',
37 verbose headers   via: '1.1 varnish',
37 verbose headers   connection: 'keep-alive',
37 verbose headers   'x-served-by': 'cache-hnd18727-HND',
37 verbose headers   'x-cache': 'MISS',
37 verbose headers   'x-cache-hits': '0',
37 verbose headers   'x-timer': 'S1514441018.520118,VS0,VE757',
37 verbose headers   vary: 'Accept-Encoding, Accept' }
38 verbose request invalidating C:\Users\Administrator\AppData\Roaming\npm-cache\registry.npmjs.org\citms-ui on PUT
39 error publish Failed PUT 403
40 verbose stack Error: You cannot publish over the previously published version 1.0.0. : citms-ui
40 verbose stack     at makeError (C:\Program Files\nodejs\node_modules\npm\node_modules\npm-registry-client\lib\request.js:302:12)
40 verbose stack     at CachingRegistryClient.<anonymous> (C:\Program Files\nodejs\node_modules\npm\node_modules\npm-registry-client\lib\request.js:290:14)
40 verbose stack     at Request._callback (C:\Program Files\nodejs\node_modules\npm\node_modules\npm-registry-client\lib\request.js:210:14)
40 verbose stack     at Request.self.callback (C:\Program Files\nodejs\node_modules\npm\node_modules\request\request.js:187:22)
40 verbose stack     at emitTwo (events.js:106:13)
40 verbose stack     at Request.emit (events.js:191:7)
40 verbose stack     at Request.<anonymous> (C:\Program Files\nodejs\node_modules\npm\node_modules\request\request.js:1048:10)
40 verbose stack     at emitOne (events.js:96:13)
40 verbose stack     at Request.emit (events.js:188:7)
40 verbose stack     at IncomingMessage.<anonymous> (C:\Program Files\nodejs\node_modules\npm\node_modules\request\request.js:969:12)
41 verbose statusCode 403
42 verbose pkgid citms-ui
43 verbose cwd H:\云端项目\npmproject
44 error Windows_NT 10.0.16299
45 error argv "C:\\Program Files\\nodejs\\node.exe" "C:\\Program Files\\nodejs\\node_modules\\npm\\bin\\npm-cli.js" "publish"
46 error node v6.11.4
47 error npm  v3.10.10
48 error code E403
49 error You cannot publish over the previously published version 1.0.0. : citms-ui
50 error If you need help, you may report this error at:
50 error     <https://github.com/npm/npm/issues>
51 verbose exit [ 1, true ]
